<?xml version="1.0" encoding="utf-8"?><testsuites name="pytest tests"><testsuite name="pytest" errors="0" failures="0" skipped="0" tests="4" time="0.648" timestamp="2026-08-15T12:27:48.133762+00:00" hostname="agent-env-dd7d8185-13c6-4f65-967b-f63ddb694a2d"><testcase classname="tests.test_health_lockfile_regression.TestHealth" name="test_root_health_endpoint_returns_ok" time="0.176" /><testcase classname="tests.test_health_lockfile_regression.TestStatusCheck" name="test_create_and_list_status_check" time="0.244" /><testcase classname="tests.test_health_lockfile_regression.TestHealth" name="test_api_root_returns_hello" time="0.092" /><testcase classname="tests.test_health_lockfile_regression.TestHealth" name="test_api_health_path_not_defined" time="0.089" /></testsuite></testsuites>